30/10/2025 02:18	IMPORT	Bột rau câu thạch	Hà nội	1	kg
30/10/2025 02:18	EXPORT	Bột rau câu thạch	Hà nội	1	kg
30/10/2025 02:20	IMPORT	Bột rau câu thạch	Hà nội	1	kg
30/10/2025 02:20	IMPORT	Gạo	Hà nội	10	Kg
30/10/2025 02:23	IMPORT	Bột rau câu thạch	Hà nội	1	kg
30/10/2025 02:23	EXPORT	Bột rau câu thạch	Hà nội	1	kg
30/10/2025 02:23	IMPORT	hoa hồng	Main Warehouse	20	cái
30/10/2025 02:23	IMPORT	Hoa quả	Main Warehouse	3	kg
30/10/2025 02:24	EXPORT	Hoa quả	Main Warehouse	1	kg
30/10/2025 02:24	IMPORT	Bột rau câu thạch	Hà nội	1	kg
30/10/2025 02:24	IMPORT	Gạo	Hà nội	1	Kg
30/10/2025 02:29	IMPORT	Bột rau câu thạch	Hà nội	1	kg
30/10/2025 02:34	EXPORT	Bột rau câu thạch	Hà nội	1	kg
30/10/2025 02:36	IMPORT	Bột rau câu thạch	Hà nội	1	kg
30/10/2025 09:42	IMPORT	Bột rau câu thạch	Hà nội	1	kg
30/10/2025 09:42	EXPORT	Gạo	Hà nội	1	Kg
30/10/2025 10:10:20	IMPORT	Bột rau câu thạch	Hà nội	1	kg	admin	hàng đẹp
30/10/2025 10:13:38	IMPORT	Bột rau câu thạch	Hà nội	1	kg	admin	
30/10/2025 10:16:28	IMPORT	Bột rau câu thạch	Hà nội	1	kg	admin	
30/10/2025 10:17:58	EXPORT	Gạo	Hà nội	1	Kg	admin	
30/10/2025 10:21:26	IMPORT	Bột rau câu thạch	Hà nội	1	kg	admin	ok
30/10/2025 10:28:07	IMPORT	Bột rau câu thạch	Hà nội	1	kg	admin	nhập hàng ok
30/10/2025 10:30:12	IMPORT	Bột rau câu thạch	Hà nội	1	kg	admin	
30/10/2025 10:35:44	IMPORT	Bột rau câu thạch	Hà nội	1	kg	admin	hihi
30/10/2025 10:36:12	IMPORT	Gạo	Hà nội	10	Kg	admin	
30/10/2025 10:36:18	EXPORT	Bột rau câu thạch	Hà nội	15	kg	admin	
