[2025-10-29T07:44:29.7284414Z] Authenticate called for 'admin'. DbConnectionString=Data Source=C:\Users\Admin\Downloads\GKC#\InventoryManagement\inventory.db
[2025-10-29T07:45:06.7445049Z] Authenticate called for 'admin'. DbConnectionString=Data Source=C:\Users\Admin\Downloads\GKC#\InventoryManagement\inventory.db
[2025-10-29T08:02:07.1264187Z] Authenticate called for 'admin'. DbConnectionString=Data Source=C:\Users\Admin\Downloads\GKC#\InventoryManagement\inventory.db
[2025-10-29T08:09:07.8059377Z] Authenticate called for 'admin'. DbConnectionString=Data Source=C:\Users\Admin\Downloads\GKC#\InventoryManagement\inventory.db
[2025-10-29T08:18:20.4922429Z] Authenticate called for 'admin'. DbConnectionString=Data Source=C:\Users\Admin\Downloads\GKC#\InventoryManagement\inventory.db
[2025-10-29T08:21:20.0665477Z] Authenticate called for 'admin'. DbConnectionString=Data Source=C:\Users\Admin\Downloads\GKC#\InventoryManagement\inventory.db
[2025-10-29T08:24:12.1175801Z] Authenticate called for 'admin'. DbConnectionString=Data Source=C:\Users\Admin\Downloads\GKC#\InventoryManagement\inventory.db
[2025-10-29T08:25:35.1941609Z] Authenticate called for 'admin'. DbConnectionString=Data Source=C:\Users\Admin\Downloads\GKC#\InventoryManagement\inventory.db
[2025-10-29T08:25:39.2496188Z] Authenticate called for 'admin'. DbConnectionString=Data Source=C:\Users\Admin\Downloads\GKC#\InventoryManagement\inventory.db
[2025-10-29T08:29:17.4361015Z] Authenticate called for 'admin'. DbConnectionString=Data Source=C:\Users\Admin\Downloads\GKC#\InventoryManagement\inventory.db
[2025-10-29T08:30:56.3091456Z] Authenticate called for 'admin'. DbConnectionString=Data Source=C:\Users\Admin\Downloads\GKC#\InventoryManagement\inventory.db
[2025-10-29T08:33:02.7728706Z] Authenticate called for 'admin'. DbConnectionString=Data Source=C:\Users\Admin\Downloads\GKC#\InventoryManagement\inventory.db
[2025-10-29T08:34:53.3864199Z] Authenticate called for 'admin'. DbConnectionString=Data Source=C:\Users\Admin\Downloads\GKC#\InventoryManagement\inventory.db
[2025-10-29T08:36:02.1735149Z] Authenticate called for 'admin'. DbConnectionString=Data Source=C:\Users\Admin\Downloads\GKC#\InventoryManagement\inventory.db
[2025-10-29T08:37:50.9951928Z] Authenticate called for 'admin'. DbConnectionString=Data Source=C:\Users\Admin\Downloads\GKC#\InventoryManagement\inventory.db
[2025-10-29T08:38:55.8373548Z] Authenticate called for 'admin'. DbConnectionString=Data Source=C:\Users\Admin\Downloads\GKC#\InventoryManagement\inventory.db
[2025-10-29T08:41:14.7721635Z] Authenticate called for 'admin'. DbConnectionString=Data Source=C:\Users\Admin\Downloads\GKC#\InventoryManagement\inventory.db
[2025-10-29T08:44:54.2989165Z] Authenticate called for 'admin'. DbConnectionString=Data Source=C:\Users\Admin\Downloads\GKC#\InventoryManagement\inventory.db
[2025-10-29T08:49:52.8316277Z] Authenticate called for 'admin'. DbConnectionString=Data Source=C:\Users\Admin\Downloads\GKC#\InventoryManagement\inventory.db
[2025-10-29T08:54:47.3774415Z] Authenticate called for 'admin'. DbConnectionString=Data Source=C:\Users\Admin\Downloads\GKC#\InventoryManagement\inventory.db
[2025-10-29T09:02:30.6227437Z] Authenticate called for 'admin'. DbConnectionString=Data Source=C:\Users\Admin\Downloads\GKC#\InventoryManagement\inventory.db
[2025-10-29T09:09:57.6859528Z] Authenticate called for 'admin'. DbConnectionString=Data Source=C:\Users\Admin\Downloads\GKC#\InventoryManagement\inventory.db
[2025-10-29T09:11:21.0291486Z] Authenticate called for 'admin'. DbConnectionString=Data Source=C:\Users\Admin\Downloads\GKC#\InventoryManagement\inventory.db
[2025-10-29T09:16:25.3268601Z] Authenticate called for 'admin'. DbConnectionString=Data Source=C:\Users\Admin\Downloads\GKC#\InventoryManagement\inventory.db
[2025-10-29T09:21:25.8726453Z] Authenticate called for 'admin'. DbConnectionString=Data Source=C:\Users\Admin\Downloads\GKC#\InventoryManagement\inventory.db
[2025-10-29T09:25:11.4887739Z] Authenticate called for 'admin'. DbConnectionString=Data Source=C:\Users\Admin\Downloads\GKC#\InventoryManagement\inventory.db
[2025-10-29T09:26:57.0283693Z] Authenticate called for 'admin'. DbConnectionString=Data Source=C:\Users\Admin\Downloads\GKC#\InventoryManagement\inventory.db
[2025-10-29T09:27:33.0343918Z] Authenticate called for 'admin'. DbConnectionString=Data Source=C:\Users\Admin\Downloads\GKC#\InventoryManagement\inventory.db
[2025-10-29T09:30:50.8320733Z] Authenticate called for 'admin'. DbConnectionString=Data Source=C:\Users\Admin\Downloads\GKC#\InventoryManagement\inventory.db
[2025-10-29T09:33:14.4754263Z] Authenticate called for 'admin'. DbConnectionString=Data Source=C:\Users\Admin\Downloads\GKC#\InventoryManagement\inventory.db
[2025-10-29T09:34:33.0922488Z] Authenticate called for 'admin'. DbConnectionString=Data Source=C:\Users\Admin\Downloads\GKC#\InventoryManagement\inventory.db
[2025-10-29T09:44:02.3404393Z] Authenticate called for 'admin'. DbConnectionString=Data Source=C:\Users\Admin\Downloads\GKC#\InventoryManagement\inventory.db
[2025-10-29T09:47:30.4211596Z] Authenticate called for 'staff'. DbConnectionString=Data Source=C:\Users\Admin\Downloads\GKC#\InventoryManagement\inventory.db
[2025-10-29T09:54:35.8321776Z] Authenticate called for 'admin'. DbConnectionString=Data Source=C:\Users\Admin\Downloads\GKC#\InventoryManagement\inventory.db
[2025-10-29T09:54:40.0802881Z] Authenticate called for 'admin'. DbConnectionString=Data Source=C:\Users\Admin\Downloads\GKC#\InventoryManagement\inventory.db
[2025-10-29T10:04:03.2697351Z] Authenticate called for 'admin'. DbConnectionString=Data Source=C:\Users\Admin\Downloads\GKC#\InventoryManagement\inventory.db
[2025-10-29T10:05:02.9570289Z] Authenticate called for 'admin'. DbConnectionString=Data Source=C:\Users\Admin\Downloads\GKC#\InventoryManagement\inventory.db
[2025-10-29T10:58:59.1434016Z] Authenticate called for 'admin'. DbConnectionString=Data Source=C:\Users\Admin\Downloads\GKC#\InventoryManagement\inventory.db
[2025-10-29T11:23:47.0350989Z] Authenticate called for 'admin'. DbConnectionString=Data Source=C:\Users\Admin\Downloads\ok\InventoryManagement\inventory.db
[2025-10-29T11:25:47.1157490Z] Authenticate called for 'giangdeptrai'. DbConnectionString=Data Source=C:\Users\Admin\Downloads\ok\InventoryManagement\inventory.db
[2025-10-29T11:27:02.1479798Z] Authenticate called for 'giangdeptrai'. DbConnectionString=Data Source=C:\Users\Admin\Downloads\ok\InventoryManagement\inventory.db
[2025-10-29T11:38:15.2842989Z] Authenticate called for 'giangdeptrai'. DbConnectionString=Data Source=C:\Users\Admin\Downloads\ok\InventoryManagement\inventory.db
[2025-10-29T11:40:10.0349350Z] Authenticate called for 'admin'. DbConnectionString=Data Source=C:\Users\Admin\Downloads\ok\InventoryManagement\inventory.db
[2025-10-29T11:43:13.9573941Z] Authenticate called for 'giangdeptrai'. DbConnectionString=Data Source=C:\Users\Admin\Downloads\ok\InventoryManagement\inventory.db
[2025-10-29T11:44:00.3715600Z] Authenticate called for 'staff1'. DbConnectionString=Data Source=C:\Users\Admin\Downloads\ok\InventoryManagement\inventory.db
[2025-10-29T11:45:35.6012351Z] Authenticate called for 'admin'. DbConnectionString=Data Source=C:\Users\Admin\Downloads\ok\InventoryManagement\inventory.db
[2025-10-29T12:11:15.3363667Z] Authenticate called for 'admin'. DbConnectionString=Data Source=C:\Users\Admin\Downloads\ok\InventoryManagement\inventory.db
[2025-10-29T12:17:41.2209112Z] Authenticate called for 'admin'. DbConnectionString=Data Source=C:\Users\Admin\Downloads\ok\InventoryManagement\inventory.db
[2025-10-29T12:23:52.2992492Z] Authenticate called for 'admin'. DbConnectionString=Data Source=C:\Users\Admin\Downloads\ok\InventoryManagement\inventory.db
[2025-10-29T12:24:37.4407975Z] Authenticate called for 'admin'. DbConnectionString=Data Source=C:\Users\Admin\Downloads\ok\InventoryManagement\inventory.db
[2025-10-29T12:27:47.3431085Z] Authenticate called for 'admin'. DbConnectionString=Data Source=C:\Users\Admin\Downloads\ok\InventoryManagement\inventory.db
[2025-10-29T12:31:08.1084462Z] Authenticate called for 'admin'. DbConnectionString=Data Source=C:\Users\Admin\Downloads\ok\InventoryManagement\inventory.db
[2025-10-29T12:35:09.7485094Z] Authenticate called for 'admin'. DbConnectionString=Data Source=C:\Users\Admin\Downloads\ok\InventoryManagement\inventory.db
[2025-10-29T12:38:02.8184701Z] Authenticate called for 'admin'. DbConnectionString=Data Source=C:\Users\Admin\Downloads\ok\InventoryManagement\inventory.db
[2025-10-29T12:43:53.4137315Z] Authenticate called for 'admin'. DbConnectionString=Data Source=C:\Users\Admin\Downloads\ok\InventoryManagement\inventory.db
[2025-10-29T12:46:17.4744339Z] Authenticate called for 'admin'. DbConnectionString=Data Source=C:\Users\Admin\Downloads\ok\InventoryManagement\inventory.db
[2025-10-29T12:50:31.2111177Z] Authenticate called for 'admin'. DbConnectionString=Data Source=C:\Users\Admin\Downloads\ok\InventoryManagement\inventory.db
[2025-10-29T19:07:49.9631503Z] Authenticate called for 'admin'. DbConnectionString=Data Source=C:\Users\Admin\Downloads\CKok\InventoryManagement\inventory.db
[2025-10-29T19:11:24.6737923Z] Authenticate called for 'admin'. DbConnectionString=Data Source=C:\Users\Admin\Downloads\CKok\InventoryManagement\inventory.db
[2025-10-29T19:15:00.0982588Z] Authenticate called for 'admin'. DbConnectionString=Data Source=C:\Users\Admin\Downloads\CKok\InventoryManagement\inventory.db
[2025-10-29T19:18:35.2960777Z] Authenticate called for 'admin'. DbConnectionString=Data Source=C:\Users\Admin\Downloads\CKok\InventoryManagement\inventory.db
[2025-10-29T19:20:19.2196513Z] Authenticate called for 'admin'. DbConnectionString=Data Source=C:\Users\Admin\Downloads\CKok\InventoryManagement\inventory.db
[2025-10-29T19:23:18.0582109Z] Authenticate called for 'admin'. DbConnectionString=Data Source=C:\Users\Admin\Downloads\CKok\InventoryManagement\inventory.db
[2025-10-29T19:29:29.3816152Z] Authenticate called for 'admin'. DbConnectionString=Data Source=C:\Users\Admin\Downloads\CKok\InventoryManagement\inventory.db
[2025-10-29T19:34:34.8958425Z] Authenticate called for 'admin'. DbConnectionString=Data Source=C:\Users\Admin\Downloads\CKok\InventoryManagement\inventory.db
[2025-10-29T19:36:30.7164034Z] Authenticate called for 'admin'. DbConnectionString=Data Source=C:\Users\Admin\Downloads\CKok\InventoryManagement\inventory.db
[2025-10-29T19:36:45.5776154Z] Authenticate called for 'staff1'. DbConnectionString=Data Source=C:\Users\Admin\Downloads\CKok\InventoryManagement\inventory.db
[2025-10-29T19:36:47.2529129Z] Authenticate called for 'staff1'. DbConnectionString=Data Source=C:\Users\Admin\Downloads\CKok\InventoryManagement\inventory.db
[2025-10-30T02:41:09.2704800Z] Authenticate called for 'admin'. DbConnectionString=Data Source=C:\Users\Admin\Downloads\CKok\InventoryManagement\inventory.db
[2025-10-30T02:48:02.4601289Z] Authenticate called for 'admin'. DbConnectionString=Data Source=C:\Users\Admin\Downloads\CKok\InventoryManagement\inventory.db
[2025-10-30T02:49:17.7419632Z] Authenticate called for 'staff1'. DbConnectionString=Data Source=C:\Users\Admin\Downloads\CKok\InventoryManagement\inventory.db
[2025-10-30T02:51:40.9725343Z] Authenticate called for 'admin'. DbConnectionString=Data Source=C:\Users\Admin\Downloads\CKok\InventoryManagement\inventory.db
[2025-10-30T03:05:06.8782883Z] Authenticate called for 'admin'. DbConnectionString=Data Source=C:\Users\Admin\Downloads\CKok\InventoryManagement\inventory.db
[2025-10-30T03:09:11.8018658Z] Authenticate called for 'admin'. DbConnectionString=Data Source=C:\Users\Admin\Downloads\CKok\InventoryManagement\inventory.db
[2025-10-30T03:10:04.0264850Z] Authenticate called for 'admin'. DbConnectionString=Data Source=C:\Users\Admin\Downloads\CKok\InventoryManagement\inventory.db
[2025-10-30T03:13:34.1695719Z] Authenticate called for 'admin'. DbConnectionString=Data Source=C:\Users\Admin\Downloads\CKok\InventoryManagement\inventory.db
[2025-10-30T03:16:21.6179822Z] Authenticate called for 'admin'. DbConnectionString=Data Source=C:\Users\Admin\Downloads\CKok\InventoryManagement\inventory.db
[2025-10-30T03:17:51.6638496Z] Authenticate called for 'admin'. DbConnectionString=Data Source=C:\Users\Admin\Downloads\CKok\InventoryManagement\inventory.db
[2025-10-30T03:21:14.8719143Z] Authenticate called for 'admin'. DbConnectionString=Data Source=C:\Users\Admin\Downloads\CKok\InventoryManagement\inventory.db
[2025-10-30T03:27:58.7559867Z] Authenticate called for 'admin'. DbConnectionString=Data Source=C:\Users\Admin\Downloads\CKok\InventoryManagement\inventory.db
[2025-10-30T03:30:06.1388017Z] Authenticate called for 'admin'. DbConnectionString=Data Source=C:\Users\Admin\Downloads\CKok\InventoryManagement\inventory.db
[2025-10-30T03:35:36.9334544Z] Authenticate called for 'admin'. DbConnectionString=Data Source=C:\Users\Admin\Downloads\CKok\InventoryManagement\inventory.db
[2025-10-30T03:49:14.4958965Z] Authenticate called for 'admin'. DbConnectionString=Data Source=C:\Users\Admin\Downloads\CKok\InventoryManagement\inventory.db
[2025-10-30T03:57:32.5349363Z] Authenticate called for 'admin'. DbConnectionString=Data Source=C:\Users\Admin\Downloads\CKok\InventoryManagement\inventory.db
[2025-10-30T04:00:21.8999159Z] Authenticate called for 'admin'. DbConnectionString=Data Source=C:\Users\Admin\Downloads\CKok\InventoryManagement\inventory.db
[2025-10-30T04:03:30.1752734Z] Authenticate called for 'admin'. DbConnectionString=Data Source=C:\Users\Admin\Downloads\CKok\InventoryManagement\inventory.db
[2025-10-30T04:03:34.5755398Z] Authenticate called for 'admin'. DbConnectionString=Data Source=C:\Users\Admin\Downloads\CKok\InventoryManagement\inventory.db
[2025-10-30T04:04:37.6441415Z] Authenticate called for 'giangdeptrai'. DbConnectionString=Data Source=C:\Users\Admin\Downloads\CKok\InventoryManagement\inventory.db
[2025-10-30T04:05:04.5322751Z] Authenticate called for 'staff1'. DbConnectionString=Data Source=C:\Users\Admin\Downloads\CKok\InventoryManagement\inventory.db
[2025-10-30T04:06:24.6708525Z] Authenticate called for 'admin'. DbConnectionString=Data Source=C:\Users\Admin\Downloads\CKok\InventoryManagement\inventory.db
[2025-10-30T04:11:18.9311926Z] Authenticate called for 'admin'. DbConnectionString=Data Source=C:\Users\Admin\Downloads\CKok\InventoryManagement\inventory.db
[2025-10-30T04:19:44.5011853Z] Authenticate called for 'admin'. DbConnectionString=Data Source=C:\Users\Admin\Downloads\CKok\InventoryManagement\inventory.db
[2025-10-30T04:25:33.8298631Z] Authenticate called for 'admin'. DbConnectionString=Data Source=C:\Users\Admin\Downloads\CKok\InventoryManagement\inventory.db
[2025-10-30T04:35:56.5221231Z] Authenticate called for 'admin'. DbConnectionString=Data Source=C:\Users\Admin\Downloads\CKok\InventoryManagement\inventory.db
[2025-10-30T04:40:40.1786109Z] Authenticate called for 'admin'. DbConnectionString=Data Source=C:\Users\Admin\Downloads\CKok\InventoryManagement\inventory.db
[2025-10-30T04:41:06.6362239Z] Authenticate called for 'admin'. DbConnectionString=Data Source=C:\Users\Admin\Downloads\CKok\InventoryManagement\inventory.db
[2025-10-30T04:50:45.7188100Z] Authenticate called for 'admin'. DbConnectionString=Data Source=C:\Users\Admin\Downloads\CKok\InventoryManagement\inventory.db
